<?xml version="1.0" encoding="UTF-8"?>
<!-- Generated by org.testng.reporters.JUnitXMLReporter -->
<testsuite hostname="H5CG935781R" ignored="1" name="Default test" tests="1" failures="0" timestamp="08 Oct 2020 16:56:21 GMT" time="14.488" errors="0">
  <testcase name="verifyRegistration" time="3.024" classname="com.blaze.agency.demo.tests.LoginPageTests"/>
  <testcase name="verifyLoginToApplication" time="0.0" classname="com.blaze.agency.demo.tests.LoginPageTests">
    <ignored/>
  </testcase> <!-- verifyLoginToApplication -->
</testsuite> <!-- Default test -->
