<?xml version="1.0" encoding="UTF-8"?>
<testng-results skipped="0" failed="0" ignored="1" total="2" passed="1">
  <reporter-output>
  </reporter-output>
  <suite name="Default suite" duration-ms="14488" started-at="2020-10-08T16:56:06Z" finished-at="2020-10-08T16:56:21Z">
    <groups>
    </groups>
    <test name="Default test" duration-ms="14488" started-at="2020-10-08T16:56:06Z" finished-at="2020-10-08T16:56:21Z">
      <class name="com.blaze.agency.demo.tests.LoginPageTests">
        <test-method status="PASS" signature="setUp()[pri:0, instance:com.blaze.agency.demo.tests.LoginPageTests@5f9d02cb]" name="setUp" is-config="true" duration-ms="29" started-at="2020-10-08T16:56:06Z" finished-at="2020-10-08T16:56:06Z">
          <reporter-output>
          </reporter-output>
        </test-method> <!-- setUp -->
        <test-method status="PASS" signature="testSetUp()[pri:0, instance:com.blaze.agency.demo.tests.LoginPageTests@5f9d02cb]" name="testSetUp" is-config="true" duration-ms="10397" started-at="2020-10-08T16:56:06Z" finished-at="2020-10-08T16:56:17Z">
          <reporter-output>
          </reporter-output>
        </test-method> <!-- testSetUp -->
        <test-method status="PASS" signature="verifyRegistration()[pri:0, instance:com.blaze.agency.demo.tests.LoginPageTests@5f9d02cb]" name="verifyRegistration" duration-ms="3024" started-at="2020-10-08T16:56:17Z" finished-at="2020-10-08T16:56:20Z">
          <reporter-output>
          </reporter-output>
        </test-method> <!-- verifyRegistration -->
        <test-method status="PASS" signature="tearDown()[pri:0, instance:com.blaze.agency.demo.tests.LoginPageTests@5f9d02cb]" name="tearDown" is-config="true" duration-ms="985" started-at="2020-10-08T16:56:20Z" finished-at="2020-10-08T16:56:21Z">
          <reporter-output>
          </reporter-output>
        </test-method> <!-- tearDown -->
      </class> <!-- com.blaze.agency.demo.tests.LoginPageTests -->
    </test> <!-- Default test -->
  </suite> <!-- Default suite -->
</testng-results>
